<?xml version="1.0" encoding="UTF-8"?>
<!-- Generated by org.testng.reporters.JUnitReportReporter -->
<testsuite hostname="DESKTOP-IPQ8L7O" failures="0" tests="4" name="parallel.RunAmazon" time="72.567" errors="0" timestamp="2022-12-21T22:44:18 IST" skipped="0">
  <testcase classname="parallel.RunAmazon" name="runScenario" time="19.634"/>
  <system-out/>
  <testcase classname="parallel.RunAmazon" name="runScenario" time="13.160"/>
  <system-out/>
  <testcase classname="parallel.RunAmazon" name="runScenario" time="12.823"/>
  <system-out/>
  <testcase classname="parallel.RunAmazon" name="runScenario" time="26.950"/>
  <system-out/>
</testsuite> <!-- parallel.RunAmazon -->
